qbyp/build/outputs/logs/manifest-merger-release-report.txt
-- Merging decision tree log ---
manifest
ADDED from src\main\AndroidManifest.xml:2:1-572:12
	package
		ADDED from src\main\AndroidManifest.xml:4:5-34
		INJECTED from src\main\AndroidManifest.xml
		INJECTED from src\main\AndroidManifest.xml
	android:versionName
		ADDED from src\main\AndroidManifest.xml:6:5-32
		INJECTED from src\main\AndroidManifest.xml
		INJECTED from src\main\AndroidManifest.xml
	xmlns:tools
		ADDED from src\main\AndroidManifest.xml:3:5-51
	android:versionCode
		ADDED from src\main\AndroidManifest.xml:5:5-28
		INJECTED from src\main\AndroidManifest.xml
		INJECTED from src\main\AndroidManifest.xml
	xmlns:android
		ADDED from src\main\AndroidManifest.xml:2:11-69
permission#cn.net.chenbao.qbyp.permission.JPUSH_MESSAGE
ADDED from src\main\AndroidManifest.xml:8:5-10:47
	android:protectionLevel
		ADDED from src\main\AndroidManifest.xml:10:9-44
	android:name
		ADDED from src\main\AndroidManifest.xml:9:9-68
uses-permission#android.permission.SYSTEM_ALERT_WINDOW
ADDED from src\main\AndroidManifest.xml:12:5-78
	android:name
		ADDED from src\main\AndroidManifest.xml:12:22-75
uses-permission#cn.net.chenbao.qbyp.permission.JPUSH_MESSAGE
ADDED from src\main\AndroidManifest.xml:13:5-84
	android:name
		ADDED from src\main\AndroidManifest.xml:13:22-81
uses-permission#android.permission.RECEIVE_USER_PRESENT
ADDED from src\main\AndroidManifest.xml:14:5-79
	android:name
		ADDED from src\main\AndroidManifest.xml:14:22-76
uses-permission#android.permission.WAKE_LOCK
ADDED from src\main\AndroidManifest.xml:15:5-68
	android:name
		ADDED from src\main\AndroidManifest.xml:15:22-65
uses-permission#android.permission.WRITE_SETTINGS
ADDED from src\main\AndroidManifest.xml:16:5-73
	android:name
		ADDED from src\main\AndroidManifest.xml:16:22-70
uses-permission#android.permission.VIBRATE
ADDED from src\main\AndroidManifest.xml:17:5-66
	android:name
		ADDED from src\main\AndroidManifest.xml:17:22-63
uses-permission#android.permission.READ_CONTACTS
ADDED from src\main\AndroidManifest.xml:18:5-72
	android:name
		ADDED from src\main\AndroidManifest.xml:18:22-69
uses-permission#android.permission.WRITE_CONTACTS
ADDED from src\main\AndroidManifest.xml:19:5-73
	android:name
		ADDED from src\main\AndroidManifest.xml:19:22-70
uses-permission#android.permission.ACCESS_COARSE_LOCATION
ADDED from src\main\AndroidManifest.xml:22:5-97
	android:name
		ADDED from src\main\AndroidManifest.xml:22:22-78
uses-permission#android.permission.ACCESS_FINE_LOCATION
ADDED from src\main\AndroidManifest.xml:24:5-95
	android:name
		ADDED from src\main\AndroidManifest.xml:24:22-76
uses-permission#android.permission.ACCESS_WIFI_STATE
ADDED from src\main\AndroidManifest.xml:26:5-92
	android:name
		ADDED from src\main\AndroidManifest.xml:26:22-73
uses-permission#android.permission.ACCESS_NETWORK_STATE
ADDED from src\main\AndroidManifest.xml:28:5-95
	android:name
		ADDED from src\main\AndroidManifest.xml:28:22-76
uses-permission#android.permission.CHANGE_WIFI_STATE
ADDED from src\main\AndroidManifest.xml:30:5-92
	android:name
		ADDED from src\main\AndroidManifest.xml:30:22-73
uses-permission#android.permission.READ_PHONE_STATE
ADDED from src\main\AndroidManifest.xml:32:5-91
	android:name
		ADDED from src\main\AndroidManifest.xml:32:22-72
uses-permission#android.permission.WRITE_EXTERNAL_STORAGE
ADDED from src\main\AndroidManifest.xml:34:5-97
	android:name
		ADDED from src\main\AndroidManifest.xml:34:22-78
uses-permission#android.permission.INTERNET
ADDED from src\main\AndroidManifest.xml:36:5-67
	android:name
		ADDED from src\main\AndroidManifest.xml:36:22-64
uses-permission#android.permission.MOUNT_UNMOUNT_FILESYSTEMS
ADDED from src\main\AndroidManifest.xml:38:5-100
	android:name
		ADDED from src\main\AndroidManifest.xml:38:22-81
uses-permission#android.permission.CALL_PHONE
ADDED from src\main\AndroidManifest.xml:39:5-69
	android:name
		ADDED from src\main\AndroidManifest.xml:39:22-66
uses-permission#android.permission.READ_LOGS
ADDED from src\main\AndroidManifest.xml:41:5-68
	android:name
		ADDED from src\main\AndroidManifest.xml:41:22-65
uses-permission#android.permission.GET_TASKS
ADDED from src\main\AndroidManifest.xml:42:5-68
	android:name
		ADDED from src\main\AndroidManifest.xml:42:22-65
uses-permission#android.permission.SET_DEBUG_APP
ADDED from src\main\AndroidManifest.xml:43:5-72
	android:name
		ADDED from src\main\AndroidManifest.xml:43:22-69
uses-permission#android.permission.GET_ACCOUNTS
ADDED from src\main\AndroidManifest.xml:45:5-71
	android:name
		ADDED from src\main\AndroidManifest.xml:45:22-68
uses-permission#android.permission.USE_CREDENTIALS
ADDED from src\main\AndroidManifest.xml:46:5-74
	android:name
		ADDED from src\main\AndroidManifest.xml:46:22-71
uses-permission#android.permission.MANAGE_ACCOUNTS
ADDED from src\main\AndroidManifest.xml:47:5-74
	android:name
		ADDED from src\main\AndroidManifest.xml:47:22-71
uses-permission#android.permission.READ_EXTERNAL_STORAGE
ADDED from src\main\AndroidManifest.xml:48:5-80
	android:name
		ADDED from src\main\AndroidManifest.xml:48:22-77
uses-permission#android.permission.CAMERA
ADDED from src\main\AndroidManifest.xml:49:5-65
	android:name
		ADDED from src\main\AndroidManifest.xml:49:22-62
uses-feature#android.hardware.camera
ADDED from src\main\AndroidManifest.xml:51:5-60
	android:name
		ADDED from src\main\AndroidManifest.xml:51:19-57
uses-feature#android.hardware.autofocus
ADDED from src\main\AndroidManifest.xml:52:5-63
	android:name
		ADDED from src\main\AndroidManifest.xml:52:19-60
application
ADDED from src\main\AndroidManifest.xml:54:5-570:19
MERGED from [com.android.support:design:25.1.0] AndroidManifest.xml:25:5-20
MERGED from [com.android.support:transition:25.1.0] AndroidManifest.xml:22:5-20
MERGED from [com.github.johnpersano:supertoasts:2.0] AndroidManifest.xml:26:5-28:38
MERGED from [com.android.support:appcompat-v7:25.1.0] AndroidManifest.xml:25:5-20
MERGED from [com.android.support:support-v4:25.1.0] AndroidManifest.xml:25:5-20
MERGED from [com.android.support:support-fragment:25.1.0] AndroidManifest.xml:25:5-20
MERGED from [com.android.support:support-media-compat:25.1.0] AndroidManifest.xml:25:5-20
MERGED from [com.android.support:support-core-ui:25.1.0] AndroidManifest.xml:25:5-20
MERGED from [com.android.support:support-core-utils:25.1.0] AndroidManifest.xml:25:5-20
MERGED from [com.android.support:animated-vector-drawable:25.1.0] AndroidManifest.xml:22:5-20
MERGED from [com.android.support:support-vector-drawable:25.1.0] AndroidManifest.xml:23:5-20
MERGED from [com.android.support:support-compat:25.1.0] AndroidManifest.xml:25:5-20
	android:label
		ADDED from src\main\AndroidManifest.xml:59:9-41
	android:supportsRtl
		ADDED from [com.github.johnpersano:supertoasts:2.0] AndroidManifest.xml:28:9-35
	android:allowBackup
		ADDED from src\main\AndroidManifest.xml:57:9-35
	android:icon
		ADDED from src\main\AndroidManifest.xml:58:9-38
	android:theme
		ADDED from src\main\AndroidManifest.xml:60:9-44
	android:name
		ADDED from src\main\AndroidManifest.xml:56:9-57
service#com.baidu.location.f
ADDED from src\main\AndroidManifest.xml:61:9-64:49
	android:enabled
		ADDED from src\main\AndroidManifest.xml:63:13-35
	android:process
		ADDED from src\main\AndroidManifest.xml:64:13-38
	android:name
		ADDED from src\main\AndroidManifest.xml:62:13-48
meta-data#cn.net.chenbao.qbyp.GlideConfiguration
ADDED from src\main\AndroidManifest.xml:66:9-68:43
	android:value
		ADDED from src\main\AndroidManifest.xml:68:13-40
	android:name
		ADDED from src\main\AndroidManifest.xml:67:13-66
meta-data#UMENG_APPKEY
ADDED from src\main\AndroidManifest.xml:70:9-72:66
	android:value
		ADDED from src\main\AndroidManifest.xml:72:13-53
	android:name
		ADDED from src\main\AndroidManifest.xml:71:13-40
meta-data#UMENG_CHANNEL
ADDED from src\main\AndroidManifest.xml:73:9-75:46
	android:value
		ADDED from src\main\AndroidManifest.xml:75:13-33
	android:name
		ADDED from src\main\AndroidManifest.xml:74:13-41
meta-data#com.baidu.lbsapi.API_KEY
ADDED from src\main\AndroidManifest.xml:77:9-79:64
	android:value
		ADDED from src\main\AndroidManifest.xml:79:13-61
	android:name
		ADDED from src\main\AndroidManifest.xml:78:13-52
activity#com.umeng.socialize.editorpage.ShareActivity
ADDED from src\main\AndroidManifest.xml:82:9-85:54
	android:excludeFromRecents
		ADDED from src\main\AndroidManifest.xml:84:13-46
	android:theme
		ADDED from src\main\AndroidManifest.xml:85:13-51
	android:name
		ADDED from src\main\AndroidManifest.xml:83:13-72
activity#cn.net.chenbao.qbyp.wxapi.WXEntryActivity
ADDED from src\main\AndroidManifest.xml:87:9-92:75
	android:screenOrientation
		ADDED from src\main\AndroidManifest.xml:91:13-49
	android:exported
		ADDED from src\main\AndroidManifest.xml:90:13-36
	android:configChanges
		ADDED from src\main\AndroidManifest.xml:89:13-74
	android:theme
		ADDED from src\main\AndroidManifest.xml:92:13-72
	android:name
		ADDED from src\main\AndroidManifest.xml:88:13-69
activity#com.umeng.qq.tencent.AuthActivity
ADDED from src\main\AndroidManifest.xml:96:9-108:20
	android:launchMode
		ADDED from src\main\AndroidManifest.xml:98:13-44
	android:noHistory
		ADDED from src\main\AndroidManifest.xml:99:13-37
	android:name
		ADDED from src\main\AndroidManifest.xml:97:13-61
intent-filter#android.intent.action.VIEW+android.intent.category.BROWSABLE+android.intent.category.DEFAULT
ADDED from src\main\AndroidManifest.xml:100:13-107:29
action#android.intent.action.VIEW
ADDED from src\main\AndroidManifest.xml:101:17-69
	android:name
		ADDED from src\main\AndroidManifest.xml:101:25-66
category#android.intent.category.DEFAULT
ADDED from src\main\AndroidManifest.xml:103:17-76
	android:name
		ADDED from src\main\AndroidManifest.xml:103:27-73
category#android.intent.category.BROWSABLE
ADDED from src\main\AndroidManifest.xml:104:17-78
	android:name
		ADDED from src\main\AndroidManifest.xml:104:27-75
data
ADDED from src\main\AndroidManifest.xml:106:17-60
	android:scheme
		ADDED from src\main\AndroidManifest.xml:106:23-57
activity#com.umeng.qq.tencent.AssistActivity
ADDED from src\main\AndroidManifest.xml:109:9-113:75
	android:screenOrientation
		ADDED from src\main\AndroidManifest.xml:112:13-49
	android:configChanges
		ADDED from src\main\AndroidManifest.xml:111:13-74
	android:theme
		ADDED from src\main\AndroidManifest.xml:113:13-72
	android:name
		ADDED from src\main\AndroidManifest.xml:110:13-63
activity#cn.net.chenbao.qbyp.wxapi.WXPayEntryActivity
ADDED from src\main\AndroidManifest.xml:117:9-122:75
	android:screenOrientation
		ADDED from src\main\AndroidManifest.xml:121:13-49
	android:launchMode
		ADDED from src\main\AndroidManifest.xml:120:13-43
	android:exported
		ADDED from src\main\AndroidManifest.xml:119:13-36
	android:theme
		ADDED from src\main\AndroidManifest.xml:122:13-72
	android:name
		ADDED from src\main\AndroidManifest.xml:118:13-72
activity#com.alipay.sdk.app.H5PayActivity
ADDED from src\main\AndroidManifest.xml:125:9-130:79
	android:screenOrientation
		ADDED from src\main\AndroidManifest.xml:129:13-47
	android:exported
		ADDED from src\main\AndroidManifest.xml:128:13-37
	android:windowSoftInputMode
		ADDED from src\main\AndroidManifest.xml:130:13-67
	android:configChanges
		ADDED from src\main\AndroidManifest.xml:127:13-85
	android:name
		ADDED from src\main\AndroidManifest.xml:126:13-60
activity#cn.jpush.android.ui.PopWinActivity
ADDED from src\main\AndroidManifest.xml:133:9-136:61
	android:exported
		ADDED from src\main\AndroidManifest.xml:135:13-37
	android:theme
		ADDED from src\main\AndroidManifest.xml:136:13-49
	android:name
		ADDED from src\main\AndroidManifest.xml:134:13-62
activity#cn.jpush.android.ui.PushActivity
ADDED from src\main\AndroidManifest.xml:139:9-150:20
	android:exported
		ADDED from src\main\AndroidManifest.xml:142:13-37
	android:configChanges
		ADDED from src\main\AndroidManifest.xml:141:13-63
	android:theme
		ADDED from src\main\AndroidManifest.xml:143:13-60
	android:name
		ADDED from src\main\AndroidManifest.xml:140:13-60
intent-filter#android.intent.category.DEFAULT+cn.jpush.android.ui.PushActivity+cn.net.chenbao.qbyp
ADDED from src\main\AndroidManifest.xml:144:13-149:29
action#cn.jpush.android.ui.PushActivity
ADDED from src\main\AndroidManifest.xml:145:17-75
	android:name
		ADDED from src\main\AndroidManifest.xml:145:25-72
category#cn.net.chenbao.qbyp
ADDED from src\main\AndroidManifest.xml:148:17-64
	android:name
		ADDED from src\main\AndroidManifest.xml:148:27-61
service#cn.jpush.android.service.DownloadService
ADDED from src\main\AndroidManifest.xml:152:9-155:48
	android:enabled
		ADDED from src\main\AndroidManifest.xml:154:13-35
	android:exported
		ADDED from src\main\AndroidManifest.xml:155:13-37
	android:name
		ADDED from src\main\AndroidManifest.xml:153:13-68
service#cn.jpush.android.service.PushService
ADDED from src\main\AndroidManifest.xml:159:9-169:19
	android:enabled
		ADDED from src\main\AndroidManifest.xml:161:13-35
	android:exported
		ADDED from src\main\AndroidManifest.xml:162:13-37
	android:name
		ADDED from src\main\AndroidManifest.xml:160:13-64
intent-filter#cn.jpush.android.intent.PUSH_TIME+cn.jpush.android.intent.PushService+cn.jpush.android.intent.REGISTER+cn.jpush.android.intent.REPORT
ADDED from src\main\AndroidManifest.xml:163:13-168:29
action#cn.jpush.android.intent.REGISTER
ADDED from src\main\AndroidManifest.xml:164:17-75
	android:name
		ADDED from src\main\AndroidManifest.xml:164:25-72
action#cn.jpush.android.intent.REPORT
ADDED from src\main\AndroidManifest.xml:165:17-73
	android:name
		ADDED from src\main\AndroidManifest.xml:165:25-70
action#cn.jpush.android.intent.PushService
ADDED from src\main\AndroidManifest.xml:166:17-78
	android:name
		ADDED from src\main\AndroidManifest.xml:166:25-75
action#cn.jpush.android.intent.PUSH_TIME
ADDED from src\main\AndroidManifest.xml:167:17-76
	android:name
		ADDED from src\main\AndroidManifest.xml:167:25-73
service#cn.jpush.android.service.DaemonService
ADDED from src\main\AndroidManifest.xml:173:9-182:19
	android:enabled
		ADDED from src\main\AndroidManifest.xml:175:13-35
	android:exported
		ADDED from src\main\AndroidManifest.xml:176:13-36
	android:name
		ADDED from src\main\AndroidManifest.xml:174:13-66
intent-filter#cn.jpush.android.intent.DaemonService+cn.net.chenbao.qbyp
ADDED from src\main\AndroidManifest.xml:177:13-181:29
action#cn.jpush.android.intent.DaemonService
ADDED from src\main\AndroidManifest.xml:178:17-80
	android:name
		ADDED from src\main\AndroidManifest.xml:178:25-77
receiver#cn.jpush.android.service.PushReceiver
ADDED from src\main\AndroidManifest.xml:185:9-205:20
	android:enabled
		ADDED from src\main\AndroidManifest.xml:187:13-35
	android:exported
		ADDED from src\main\AndroidManifest.xml:188:13-37
	android:name
		ADDED from src\main\AndroidManifest.xml:186:13-65
intent-filter#cn.jpush.android.intent.NOTIFICATION_RECEIVED_PROXY+cn.net.chenbao.qbyp
ADDED from src\main\AndroidManifest.xml:189:13-193:29
	android:priority
		ADDED from src\main\AndroidManifest.xml:189:28-51
action#cn.jpush.android.intent.NOTIFICATION_RECEIVED_PROXY
ADDED from src\main\AndroidManifest.xml:190:17-94
	android:name
		ADDED from src\main\AndroidManifest.xml:190:25-91
intent-filter#android.intent.action.USER_PRESENT+android.net.conn.CONNECTIVITY_CHANGE
ADDED from src\main\AndroidManifest.xml:194:13-197:29
action#android.intent.action.USER_PRESENT
ADDED from src\main\AndroidManifest.xml:195:17-77
	android:name
		ADDED from src\main\AndroidManifest.xml:195:25-74
action#android.net.conn.CONNECTIVITY_CHANGE
ADDED from src\main\AndroidManifest.xml:196:17-79
	android:name
		ADDED from src\main\AndroidManifest.xml:196:25-76
intent-filter#android.intent.action.PACKAGE_ADDED+android.intent.action.PACKAGE_REMOVED
ADDED from src\main\AndroidManifest.xml:199:13-204:29
action#android.intent.action.PACKAGE_ADDED
ADDED from src\main\AndroidManifest.xml:200:17-78
	android:name
		ADDED from src\main\AndroidManifest.xml:200:25-75
action#android.intent.action.PACKAGE_REMOVED
ADDED from src\main\AndroidManifest.xml:201:17-80
	android:name
		ADDED from src\main\AndroidManifest.xml:201:25-77
receiver#cn.jpush.android.service.AlarmReceiver
ADDED from src\main\AndroidManifest.xml:208:9-210:40
	android:exported
		ADDED from src\main\AndroidManifest.xml:210:13-37
	android:name
		ADDED from src\main\AndroidManifest.xml:209:13-66
receiver#cn.net.chenbao.qbyp.receiver.MyReceiver
ADDED from src\main\AndroidManifest.xml:213:9-232:20
	android:enabled
		ADDED from src\main\AndroidManifest.xml:215:13-35
	android:exported
		ADDED from src\main\AndroidManifest.xml:216:13-37
	android:name
		ADDED from src\main\AndroidManifest.xml:214:13-67
intent-filter#cn.jpush.android.intent.ACTION_RICHPUSH_CALLBACK+cn.jpush.android.intent.CONNECTION+cn.jpush.android.intent.MESSAGE_RECEIVED+cn.jpush.android.intent.NOTIFICATION_OPENED+cn.jpush.android.intent.NOTIFICATION_RECEIVED+cn.jpush.android.intent.REGISTRATION+cn.net.chenbao.qbyp
ADDED from src\main\AndroidManifest.xml:217:13-231:29
action#cn.jpush.android.intent.REGISTRATION
ADDED from src\main\AndroidManifest.xml:218:17-79
	android:name
		ADDED from src\main\AndroidManifest.xml:218:25-76
action#cn.jpush.android.intent.MESSAGE_RECEIVED
ADDED from src\main\AndroidManifest.xml:220:17-83
	android:name
		ADDED from src\main\AndroidManifest.xml:220:25-80
action#cn.jpush.android.intent.NOTIFICATION_RECEIVED
ADDED from src\main\AndroidManifest.xml:222:17-88
	android:name
		ADDED from src\main\AndroidManifest.xml:222:25-85
action#cn.jpush.android.intent.NOTIFICATION_OPENED
ADDED from src\main\AndroidManifest.xml:224:17-86
	android:name
		ADDED from src\main\AndroidManifest.xml:224:25-83
action#cn.jpush.android.intent.ACTION_RICHPUSH_CALLBACK
ADDED from src\main\AndroidManifest.xml:226:17-91
	android:name
		ADDED from src\main\AndroidManifest.xml:226:25-88
action#cn.jpush.android.intent.CONNECTION
ADDED from src\main\AndroidManifest.xml:228:17-77
	android:name
		ADDED from src\main\AndroidManifest.xml:228:25-74
meta-data#JPUSH_CHANNEL
ADDED from src\main\AndroidManifest.xml:235:9-237:49
	android:value
		ADDED from src\main\AndroidManifest.xml:237:13-46
	android:name
		ADDED from src\main\AndroidManifest.xml:236:13-41
meta-data#JPUSH_APPKEY
ADDED from src\main\AndroidManifest.xml:238:9-240:56
	android:value
		ADDED from src\main\AndroidManifest.xml:240:13-53
	android:name
		ADDED from src\main\AndroidManifest.xml:239:13-40
activity#cn.net.chenbao.qbyp.activity.WelcomeActivity
ADDED from src\main\AndroidManifest.xml:243:9-251:20
	android:screenOrientation
		ADDED from src\main\AndroidManifest.xml:245:13-49
	android:name
		ADDED from src\main\AndroidManifest.xml:244:13-72
intent-filter#android.intent.action.MAIN+android.intent.category.LAUNCHER
ADDED from src\main\AndroidManifest.xml:246:13-250:29
action#android.intent.action.MAIN
ADDED from src\main\AndroidManifest.xml:247:17-69
	android:name
		ADDED from src\main\AndroidManifest.xml:247:25-66
category#android.intent.category.LAUNCHER
ADDED from src\main\AndroidManifest.xml:249:17-77
	android:name
		ADDED from src\main\AndroidManifest.xml:249:27-74
activity#cn.net.chenbao.qbyp.activity.MainActivity
ADDED from src\main\AndroidManifest.xml:252:9-261:20
	android:screenOrientation
		ADDED from src\main\AndroidManifest.xml:255:13-49
	android:launchMode
		ADDED from src\main\AndroidManifest.xml:254:13-44
	android:name
		ADDED from src\main\AndroidManifest.xml:253:13-69
intent-filter#android.intent.category.DEFAULT+com.sina.weibo.sdk.action.ACTION_SDK_REQ_ACTIVITY
ADDED from src\main\AndroidManifest.xml:256:13-260:29
action#com.sina.weibo.sdk.action.ACTION_SDK_REQ_ACTIVITY
ADDED from src\main\AndroidManifest.xml:257:17-92
	android:name
		ADDED from src\main\AndroidManifest.xml:257:25-89
activity#cn.net.chenbao.qbyp.activity.PersonalDataActivity
ADDED from src\main\AndroidManifest.xml:262:9-264:61
	android:screenOrientation
		ADDED from src\main\AndroidManifest.xml:264:13-49
	android:name
		ADDED from src\main\AndroidManifest.xml:263:13-77
activity#cn.net.chenbao.qbyp.activity.AddBankActivity
ADDED from src\main\AndroidManifest.xml:265:9-267:61
	android:screenOrientation
		ADDED from src\main\AndroidManifest.xml:267:13-49
	android:name
		ADDED from src\main\AndroidManifest.xml:266:13-72
activity#cn.net.chenbao.qbyp.activity.WithdrawActivity
ADDED from src\main\AndroidManifest.xml:268:9-270:61
	android:screenOrientation
		ADDED from src\main\AndroidManifest.xml:270:13-49
	android:name
		ADDED from src\main\AndroidManifest.xml:269:13-73
activity#cn.net.chenbao.qbyp.activity.AddAddressActivity
ADDED from src\main\AndroidManifest.xml:271:9-273:61
	android:screenOrientation
		ADDED from src\main\AndroidManifest.xml:273:13-49
	android:name
		ADDED from src\main\AndroidManifest.xml:272:13-75
activity#cn.net.chenbao.qbyp.activity.CategoryActivity
ADDED from src\main\AndroidManifest.xml:274:9-276:61
	android:screenOrientation
		ADDED from src\main\AndroidManifest.xml:276:13-49
	android:name
		ADDED from src\main\AndroidManifest.xml:275:13-73
activity#cn.net.chenbao.qbyp.activity.SearchActiivty
ADDED from src\main\AndroidManifest.xml:277:9-279:61
	android:screenOrientation
		ADDED from src\main\AndroidManifest.xml:279:13-49
	android:name
		ADDED from src\main\AndroidManifest.xml:278:13-71
activity#cn.net.chenbao.qbyp.activity.SearchDataActiivty
ADDED from src\main\AndroidManifest.xml:280:9-283:76
	android:screenOrientation
		ADDED from src\main\AndroidManifest.xml:282:13-49
	android:windowSoftInputMode
		ADDED from src\main\AndroidManifest.xml:283:13-64
	android:name
		ADDED from src\main\AndroidManifest.xml:281:13-75
activity#cn.net.chenbao.qbyp.activity.RegisterActivity
ADDED from src\main\AndroidManifest.xml:284:9-286:61
	android:screenOrientation
		ADDED from src\main\AndroidManifest.xml:286:13-49
	android:name
		ADDED from src\main\AndroidManifest.xml:285:13-73
activity#cn.net.chenbao.qbyp.activity.OrderDetailActivity
ADDED from src\main\AndroidManifest.xml:287:9-289:61
	android:screenOrientation
		ADDED from src\main\AndroidManifest.xml:289:13-49
	android:name
		ADDED from src\main\AndroidManifest.xml:288:13-76
activity#cn.net.chenbao.qbyp.activity.LoginActivity
ADDED from src\main\AndroidManifest.xml:290:9-293:61
	android:screenOrientation
		ADDED from src\main\AndroidManifest.xml:293:13-49
	android:launchMode
		ADDED from src\main\AndroidManifest.xml:292:13-44
	android:name
		ADDED from src\main\AndroidManifest.xml:291:13-70
activity#cn.net.chenbao.qbyp.activity.MakeSuerOrderActivity
ADDED from src\main\AndroidManifest.xml:294:9-297:84
	android:screenOrientation
		ADDED from src\main\AndroidManifest.xml:296:13-49
	android:windowSoftInputMode
		ADDED from src\main\AndroidManifest.xml:297:13-72
	android:name
		ADDED from src\main\AndroidManifest.xml:295:13-78
activity#cn.net.chenbao.qbyp.activity.ShopCommentActivity
ADDED from src\main\AndroidManifest.xml:298:9-300:61
	android:screenOrientation
		ADDED from src\main\AndroidManifest.xml:300:13-49
	android:name
		ADDED from src\main\AndroidManifest.xml:299:13-76
activity#cn.net.chenbao.qbyp.activity.VerifyPhoneNumberActivity
ADDED from src\main\AndroidManifest.xml:301:9-303:61
	android:screenOrientation
		ADDED from src\main\AndroidManifest.xml:303:13-49
	android:name
		ADDED from src\main\AndroidManifest.xml:302:13-82
activity#cn.net.chenbao.qbyp.activity.StoreActivity
ADDED from src\main\AndroidManifest.xml:304:9-306:61
	android:screenOrientation
		ADDED from src\main\AndroidManifest.xml:306:13-49
	android:name
		ADDED from src\main\AndroidManifest.xml:305:13-70
activity#cn.net.chenbao.qbyp.activity.PayOrdersActivity
ADDED from src\main\AndroidManifest.xml:307:9-309:61
	android:screenOrientation
		ADDED from src\main\AndroidManifest.xml:309:13-49
	android:name
		ADDED from src\main\AndroidManifest.xml:308:13-74
activity#cn.net.chenbao.qbyp.activity.PayResultActivity
ADDED from src\main\AndroidManifest.xml:310:9-312:61
	android:screenOrientation
		ADDED from src\main\AndroidManifest.xml:312:13-49
	android:name
		ADDED from src\main\AndroidManifest.xml:311:13-74
activity#cn.net.chenbao.qbyp.activity.SettingActivity
ADDED from src\main\AndroidManifest.xml:313:9-315:61
	android:screenOrientation
		ADDED from src\main\AndroidManifest.xml:315:13-49
	android:name
		ADDED from src\main\AndroidManifest.xml:314:13-72
activity#cn.net.chenbao.qbyp.activity.EditUserNameActivity
ADDED from src\main\AndroidManifest.xml:316:9-318:61
	android:screenOrientation
		ADDED from src\main\AndroidManifest.xml:318:13-49
	android:name
		ADDED from src\main\AndroidManifest.xml:317:13-77
activity#cn.net.chenbao.qbyp.activity.IdentityAuthenticationActivity
ADDED from src\main\AndroidManifest.xml:319:9-321:61
	android:screenOrientation
		ADDED from src\main\AndroidManifest.xml:321:13-49
	android:name
		ADDED from src\main\AndroidManifest.xml:320:13-87
activity#cn.net.chenbao.qbyp.activity.OpenShopActivity
ADDED from src\main\AndroidManifest.xml:322:9-324:61
	android:screenOrientation
		ADDED from src\main\AndroidManifest.xml:324:13-49
	android:name
		ADDED from src\main\AndroidManifest.xml:323:13-73
activity#cn.net.chenbao.qbyp.activity.SetPasswordActivity
ADDED from src\main\AndroidManifest.xml:325:9-327:61
	android:screenOrientation
		ADDED from src\main\AndroidManifest.xml:327:13-49
	android:name
		ADDED from src\main\AndroidManifest.xml:326:13-76
activity#cn.net.chenbao.qbyp.activity.LocateActivityNew
ADDED from src\main\AndroidManifest.xml:328:9-330:61
	android:screenOrientation
		ADDED from src\main\AndroidManifest.xml:330:13-49
	android:name
		ADDED from src\main\AndroidManifest.xml:329:13-74
activity#cn.net.chenbao.qbyp.activity.FenrunDetailActivity
ADDED from src\main\AndroidManifest.xml:331:9-333:61
	android:screenOrientation
		ADDED from src\main\AndroidManifest.xml:333:13-49
	android:name
		ADDED from src\main\AndroidManifest.xml:332:13-77
activity#cn.net.chenbao.qbyp.activity.BankListActivity
ADDED from src\main\AndroidManifest.xml:334:9-336:61
	android:screenOrientation
		ADDED from src\main\AndroidManifest.xml:336:13-49
	android:name
		ADDED from src\main\AndroidManifest.xml:335:13-73
activity#cn.net.chenbao.qbyp.activity.PersonPublicListDesActivity
ADDED from src\main\AndroidManifest.xml:337:9-339:61
	android:screenOrientation
		ADDED from src\main\AndroidManifest.xml:339:13-49
	android:name
		ADDED from src\main\AndroidManifest.xml:338:13-84
activity#cn.net.chenbao.qbyp.activity.CollectActivity
ADDED from src\main\AndroidManifest.xml:340:9-342:61
	android:screenOrientation
		ADDED from src\main\AndroidManifest.xml:342:13-49
	android:name
		ADDED from src\main\AndroidManifest.xml:341:13-72
activity#cn.net.chenbao.qbyp.activity.MessageListActivity
ADDED from src\main\AndroidManifest.xml:343:9-345:61
	android:screenOrientation
		ADDED from src\main\AndroidManifest.xml:345:13-49
	android:name
		ADDED from src\main\AndroidManifest.xml:344:13-76
activity#cn.net.chenbao.qbyp.activity.MyWalletActivity
ADDED from src\main\AndroidManifest.xml:346:9-348:61
	android:screenOrientation
		ADDED from src\main\AndroidManifest.xml:348:13-49
	android:name
		ADDED from src\main\AndroidManifest.xml:347:13-73
activity#cn.net.chenbao.qbyp.activity.CircleFriendsActivity
ADDED from src\main\AndroidManifest.xml:349:9-351:61
	android:screenOrientation
		ADDED from src\main\AndroidManifest.xml:351:13-49
	android:name
		ADDED from src\main\AndroidManifest.xml:350:13-78
activity#cn.net.chenbao.qbyp.activity.AddressListActivity
ADDED from src\main\AndroidManifest.xml:352:9-354:61
	android:screenOrientation
		ADDED from src\main\AndroidManifest.xml:354:13-49
	android:name
		ADDED from src\main\AndroidManifest.xml:353:13-76
activity#cn.net.chenbao.qbyp.activity.WebViewActivity
ADDED from src\main\AndroidManifest.xml:355:9-357:61
	android:screenOrientation
		ADDED from src\main\AndroidManifest.xml:357:13-49
	android:name
		ADDED from src\main\AndroidManifest.xml:356:13-72
activity#cn.net.chenbao.qbyp.imageSelector.MultiImageSelectorActivity
ADDED from src\main\AndroidManifest.xml:358:9-360:61
	android:screenOrientation
		ADDED from src\main\AndroidManifest.xml:360:13-49
	android:name
		ADDED from src\main\AndroidManifest.xml:359:13-88
activity#cn.net.chenbao.qbyp.activity.EditPswActivity
ADDED from src\main\AndroidManifest.xml:361:9-363:61
	android:screenOrientation
		ADDED from src\main\AndroidManifest.xml:363:13-49
	android:name
		ADDED from src\main\AndroidManifest.xml:362:13-72
activity#cn.net.chenbao.qbyp.activity.VerifyPasswordActivity
ADDED from src\main\AndroidManifest.xml:364:9-367:70
	android:screenOrientation
		ADDED from src\main\AndroidManifest.xml:366:13-49
	android:theme
		ADDED from src\main\AndroidManifest.xml:367:13-58
	android:name
		ADDED from src\main\AndroidManifest.xml:365:13-79
activity#cn.net.chenbao.qbyp.activity.ImageSelectActivity
ADDED from src\main\AndroidManifest.xml:368:9-370:61
	android:screenOrientation
		ADDED from src\main\AndroidManifest.xml:370:13-49
	android:name
		ADDED from src\main\AndroidManifest.xml:369:13-76
activity#cn.net.chenbao.qbyp.activity.AccountSafeActivity
ADDED from src\main\AndroidManifest.xml:371:9-373:61
	android:screenOrientation
		ADDED from src\main\AndroidManifest.xml:373:13-49
	android:name
		ADDED from src\main\AndroidManifest.xml:372:13-76
activity#cn.net.chenbao.qbyp.activity.RegionPickActivity
ADDED from src\main\AndroidManifest.xml:374:9-377:59
	android:screenOrientation
		ADDED from src\main\AndroidManifest.xml:376:13-49
	android:theme
		ADDED from src\main\AndroidManifest.xml:377:13-47
	android:name
		ADDED from src\main\AndroidManifest.xml:375:13-75
activity#cn.net.chenbao.qbyp.bigimage.ImagePagerActivity
ADDED from src\main\AndroidManifest.xml:378:9-380:61
	android:screenOrientation
		ADDED from src\main\AndroidManifest.xml:380:13-49
	android:name
		ADDED from src\main\AndroidManifest.xml:379:13-75
activity#cn.net.chenbao.qbyp.activity.IdentityAuthenticationResultActivity
ADDED from src\main\AndroidManifest.xml:381:9-383:61
	android:screenOrientation
		ADDED from src\main\AndroidManifest.xml:383:13-49
	android:name